<?xml version="1.0" encoding="UTF-8"?>
<!-- Generated by org.testng.reporters.JUnitXMLReporter -->
<testsuite ignored="0" hostname="Soniya" failures="1" tests="8" name="Test" time="253.489" errors="0" timestamp="2024-08-07T14:04:23 IST">
  <testcase classname="com.itlearn.testcases.SerachTestCase" name="searchCourseTesr" time="19.384"/>
  <testcase classname="com.itlearn.testcases.DashBoardTestCase" name="testcourses" time="25.175"/>
  <testcase classname="com.itlearn.testcases.PaymentTestCase" name="testcourses" time="79.887"/>
  <testcase classname="com.itlearn.testcases.LoginTest" name="verifyLogin" time="5.29"/>
  <testcase classname="com.itlearn.testcases.LoginTest" name="fetchDashboardText" time="0.192"/>
  <testcase classname="com.itlearn.testcases.LoginTestDriverData" name="verifyLogin" time="7.807"/>
  <testcase classname="com.itlearn.testcases.LoginTestDriverData" name="verifyLogin" time="4.589">
    <failure type="java.lang.AssertionError" message="expected [true] but found [false]">
      <![CDATA[java.lang.AssertionError: expected [true] but found [false]
at com.itlearn.testcases.LoginTestDriverData.verifyLogin(LoginTestDriverData.java:34)
at java.base/java.util.ArrayList.forEach(ArrayList.java:1596)
... Removed 29 stack frames]]>
    </failure>
  </testcase> <!-- verifyLogin -->
  <testcase classname="com.restassured.RestAssuredImplementationClass" name="getUser" time="20.248"/>
</testsuite> <!-- Test -->
